[debug] [2023-09-04T01:58:42.647Z] ----------------------------------------------------------------------
[debug] [2023-09-04T01:58:42.651Z] Command:       /home/secret/.nvm/versions/node/v18.16.0/bin/node /home/secret/.nvm/versions/node/v18.16.0/bin/firebase init
[debug] [2023-09-04T01:58:42.651Z] CLI Version:   12.5.2
[debug] [2023-09-04T01:58:42.651Z] Platform:      linux
[debug] [2023-09-04T01:58:42.652Z] Node Version:  v18.16.0
[debug] [2023-09-04T01:58:42.652Z] Time:          Mon Sep 04 2023 07:58:42 GMT+0600 (East Kazakhstan Time)
[debug] [2023-09-04T01:58:42.652Z] ----------------------------------------------------------------------
[debug] 
[debug] [2023-09-04T01:58:42.659Z] > command requires scopes: ["email","openid","https://www.googleapis.com/auth/cloudplatformprojects.readonly","https://www.googleapis.com/auth/firebase","https://www.googleapis.com/auth/cloud-platform"]
[debug] [2023-09-04T01:58:42.660Z] > authorizing via signed-in user (myprojectsecret01@gmail.com)
[info] 
     ######## #### ########  ######## ########     ###     ######  ########
     ##        ##  ##     ## ##       ##     ##  ##   ##  ##       ##
     ######    ##  ########  ######   ########  #########  ######  ######
     ##        ##  ##    ##  ##       ##     ## ##     ##       ## ##
     ##       #### ##     ## ######## ########  ##     ##  ######  ########

You're about to initialize a Firebase project in this directory:

  /home/secret/Desktop/it-projects/firebase-social-media-project

[info] 
=== Project Setup
[info] 
[info] First, let's associate this project directory with a Firebase project.
[info] You can create multiple project aliases by running firebase use --add, 
[info] but for now we'll just set up a default project.
[info] 
[debug] [2023-09-04T01:59:54.663Z] >>> [apiv2][query] GET https://firebase.googleapis.com/v1beta1/projects pageSize=100
[debug] [2023-09-04T01:59:55.926Z] <<< [apiv2][status] GET https://firebase.googleapis.com/v1beta1/projects 200
[debug] [2023-09-04T01:59:55.926Z] <<< [apiv2][body] GET https://firebase.googleapis.com/v1beta1/projects [omitted]
[info] i  Using project react-course-4ca57 (react-course) 
[info] 
=== Hosting Setup
[info] 
[info] Your public directory is the folder (relative to your project directory) that
[info] will contain Hosting assets to be uploaded with firebase deploy. If you
[info] have a build process for your assets, use your build's output directory.
[info] 
[info] ✔  Wrote public/404.html 
[debug] [2023-09-04T02:01:45.211Z] >>> [apiv2][query] GET https://www.gstatic.com/firebasejs/releases.json [none]
[debug] [2023-09-04T02:01:45.554Z] <<< [apiv2][status] GET https://www.gstatic.com/firebasejs/releases.json 200
[debug] [2023-09-04T02:01:45.554Z] <<< [apiv2][body] GET https://www.gstatic.com/firebasejs/releases.json {"current":{"version":"10.3.1","browserURL":"https://www.gstatic.com/firebasejs/10.3.1/firebase.js","packageURL":"https://www.gstatic.com/firebasejs/10.3.1/firebase.tgz"},"live":{"version":"10.3","browserURL":"https://www.gstatic.com/firebasejs/live/10.3/firebase.js","packageURL":"https://www.gstatic.com/firebasejs/live/10.3/firebase.tgz"},"components":{"analytics":"https://www.gstatic.com/firebasejs/10.3.1/firebase-analytics.js","app":"https://www.gstatic.com/firebasejs/10.3.1/firebase-app.js","app-check":"https://www.gstatic.com/firebasejs/10.3.1/firebase-app-check.js","auth":"https://www.gstatic.com/firebasejs/10.3.1/firebase-auth.js","auth/cordova":"https://www.gstatic.com/firebasejs/10.3.1/firebase-auth/cordova.js","functions":"https://www.gstatic.com/firebasejs/10.3.1/firebase-functions.js","firestore":"https://www.gstatic.com/firebasejs/10.3.1/firebase-firestore.js","firestore/lite":"https://www.gstatic.com/firebasejs/10.3.1/firebase-firestore/lite.js","installations":"https://www.gstatic.com/firebasejs/10.3.1/firebase-installations.js","storage":"https://www.gstatic.com/firebasejs/10.3.1/firebase-storage.js","performance":"https://www.gstatic.com/firebasejs/10.3.1/firebase-performance.js","remote-config":"https://www.gstatic.com/firebasejs/10.3.1/firebase-remote-config.js","messaging":"https://www.gstatic.com/firebasejs/10.3.1/firebase-messaging.js","messaging/sw":"https://www.gstatic.com/firebasejs/10.3.1/firebase-messaging/sw.js","database":"https://www.gstatic.com/firebasejs/10.3.1/firebase-database.js","firestore.memory":"https://www.gstatic.com/firebasejs/10.3.1/firebase-firestore.memory.js"}}
[info] i  Skipping write of public/index.html 
[info] 
[info] i  Detected a .git folder at /home/secret/Desktop/it-projects/firebase-social-media-project 
[info] i  Authorizing with GitHub to upload your service account to a GitHub repository's secrets store. 
[info] 
[info] Visit this URL on this device to log in:
[info] https://github.com/login/oauth/authorize?client_id=89cf50f02ac6aaed3484&state=819239594&redirect_uri=http%3A%2F%2Flocalhost%3A9005&scope=read%3Auser%20repo%20public_repo
[info] 
[info] Waiting for authentication...
[debug] [2023-09-04T02:02:06.363Z] >>> [apiv2][query] POST https://github.com/login/oauth/access_token [none]
[debug] [2023-09-04T02:02:06.363Z] >>> [apiv2][body] POST https://github.com/login/oauth/access_token [stream]
[debug] [2023-09-04T02:02:06.832Z] <<< [apiv2][status] POST https://github.com/login/oauth/access_token 200
[debug] [2023-09-04T02:02:06.832Z] <<< [apiv2][body] POST https://github.com/login/oauth/access_token {"access_token":"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","token_type":"bearer","scope":"read:user,repo"}
[debug] [2023-09-04T02:02:06.850Z] >>> [apiv2][query] GET https://api.github.com/user [none]
[debug] [2023-09-04T02:02:07.461Z] <<< [apiv2][status] GET https://api.github.com/user 200
[debug] [2023-09-04T02:02:07.461Z] <<< [apiv2][body] GET https://api.github.com/user {"login":"almasklchv","id":75355579,"node_id":"MDQ6VXNlcjc1MzU1NTc5","avatar_url":"https://avatars.githubusercontent.com/u/75355579?v=4","gravatar_id":"","url":"https://api.github.com/users/almasklchv","html_url":"https://github.com/almasklchv","followers_url":"https://api.github.com/users/almasklchv/followers","following_url":"https://api.github.com/users/almasklchv/following{/other_user}","gists_url":"https://api.github.com/users/almasklchv/gists{/gist_id}","starred_url":"https://api.github.com/users/almasklchv/starred{/owner}{/repo}","subscriptions_url":"https://api.github.com/users/almasklchv/subscriptions","organizations_url":"https://api.github.com/users/almasklchv/orgs","repos_url":"https://api.github.com/users/almasklchv/repos","events_url":"https://api.github.com/users/almasklchv/events{/privacy}","received_events_url":"https://api.github.com/users/almasklchv/received_events","type":"User","site_admin":false,"name":"Almas Kilichov","company":null,"blog":"","location":null,"email":null,"hireable":null,"bio":null,"twitter_username":null,"public_repos":34,"public_gists":0,"followers":6,"following":8,"created_at":"2020-12-02T06:22:09Z","updated_at":"2023-08-28T07:14:12Z","private_gists":0,"total_private_repos":7,"owned_private_repos":7,"disk_usage":322909,"collaborators":1,"two_factor_authentication":false,"plan":{"name":"free","space":976562499,"collaborators":0,"private_repos":10000}}
[info] 
[info] ✔  Success! Logged into GitHub as almasklchv 
[info] 
